0 info it worked if it ends with ok
1 verbose cli [ '/usr/local/bin/node', '/usr/local/bin/npm', 'start' ]
2 info using npm@2.15.9
3 info using node@v4.5.0
4 verbose config Skipping project config: /Users/Awaiting/.npmrc. (matches userconfig)
5 verbose stack Error: ENOENT: no such file or directory, open '/Users/Awaiting/package.json'
5 verbose stack     at Error (native)
6 verbose cwd /Users/Awaiting/Dropbox/1.2016_Autumn/CS_229/229_Project_Shared/1_Core
7 error Darwin 16.0.0
8 error argv "/usr/local/bin/node" "/usr/local/bin/npm" "start"
9 error node v4.5.0
10 error npm  v2.15.9
11 error path /Users/Awaiting/package.json
12 error code ENOENT
13 error errno -2
14 error syscall open
15 error enoent ENOENT: no such file or directory, open '/Users/Awaiting/package.json'
15 error enoent This is most likely not a problem with npm itself
15 error enoent and is related to npm not being able to find a file.
16 verbose exit [ -2, true ]
